<?xml version="1.0" encoding="UTF-8"?>
<!-- Generated by org.testng.reporters.JUnitReportReporter -->
<testsuite hostname="Nihar" failures="0" tests="1" name="opencart.tests.SearchFunctionalityTest" time="5.199" errors="0" timestamp="2023-11-14T19:08:58 IST" skipped="0">
  <testcase classname="opencart.tests.SearchFunctionalityTest" name="TC_SF_005" time="5.199"/>
  <system-out/>
</testsuite> <!-- opencart.tests.SearchFunctionalityTest -->
