<?xml version="1.0" encoding="UTF-8"?>
<!-- Generated by org.testng.reporters.JUnitReportReporter -->
<testsuite hostname="Nihar" failures="0" tests="1" name="opencart.tests.ProductDisplayTest" time="3.437" errors="0" timestamp="2023-11-23T18:13:39 IST" skipped="0">
  <testcase classname="opencart.tests.ProductDisplayTest" name="TC_PDP_002" time="3.437"/>
  <system-out/>
</testsuite> <!-- opencart.tests.ProductDisplayTest -->
