<?xml version="1.0" encoding="UTF-8"?>
<!-- Generated by org.testng.reporters.JUnitReportReporter -->
<testsuite hostname="Nihar" failures="0" tests="1" name="opencart.tests.SearchFunctionalityTest" time="17.962" errors="0" timestamp="2023-11-17T15:27:40 IST" skipped="0">
  <testcase classname="opencart.tests.SearchFunctionalityTest" name="TC_SF_009" time="17.962"/>
  <system-out/>
</testsuite> <!-- opencart.tests.SearchFunctionalityTest -->
