<?xml version="1.0" encoding="UTF-8"?>
<!-- Generated by org.testng.reporters.JUnitReportReporter -->
<testsuite hostname="Nihar" failures="0" tests="6" name="opencart.tests.LoginTest" time="15.647" errors="0" timestamp="2023-11-10T18:54:00 IST" skipped="0">
  <testcase classname="opencart.tests.LoginTest" name="loginWithvalidData" time="2.698"/>
  <system-out/>
  <testcase classname="opencart.tests.LoginTest" name="loginWithValidEmailInvalidPassword" time="2.336"/>
  <system-out/>
  <testcase classname="opencart.tests.LoginTest" name="loginWithUnregisteredEmailPassword" time="2.479"/>
  <system-out/>
  <testcase classname="opencart.tests.LoginTest" name="loginWithInvalidEmailvalidPassword" time="2.326"/>
  <system-out/>
  <testcase classname="opencart.tests.LoginTest" name="loginWithoutEmailAndPassword" time="3.097"/>
  <system-out/>
  <testcase classname="opencart.tests.LoginTest" name="loginWithvalidData" time="2.711"/>
  <system-out/>
</testsuite> <!-- opencart.tests.LoginTest -->
