<?xml version="1.0" encoding="UTF-8"?>
<!-- Generated by org.testng.reporters.JUnitReportReporter -->
<testsuite hostname="Nihar" failures="0" tests="1" name="opencart.tests.ProductComparisonFunctionalityTest" time="6.592" errors="0" timestamp="2023-11-20T17:20:24 IST" skipped="0">
  <testcase classname="opencart.tests.ProductComparisonFunctionalityTest" name="TC_PC_004" time="6.592"/>
  <system-out/>
</testsuite> <!-- opencart.tests.ProductComparisonFunctionalityTest -->
