<?xml version="1.0" encoding="UTF-8"?>
<!-- Generated by org.testng.reporters.JUnitReportReporter -->
<testsuite hostname="Nihar" failures="0" tests="1" name="opencart.tests.ProductDisplayTest" time="4.859" errors="0" timestamp="2023-11-30T23:14:23 IST" skipped="0">
  <testcase classname="opencart.tests.ProductDisplayTest" name="TC_PDP_007" time="4.859"/>
  <system-out/>
</testsuite> <!-- opencart.tests.ProductDisplayTest -->
