<?xml version="1.0" encoding="UTF-8"?>
<!-- Generated by org.testng.reporters.JUnitReportReporter -->
<testsuite hostname="Nihar" failures="0" tests="1" name="opencart.tests.SearchFunctionalityTest" time="4.081" errors="0" timestamp="2023-11-17T00:48:38 IST" skipped="0">
  <testcase classname="opencart.tests.SearchFunctionalityTest" name="TC_SF_009" time="4.081"/>
  <system-out/>
</testsuite> <!-- opencart.tests.SearchFunctionalityTest -->
