<?xml version="1.0" encoding="UTF-8"?>
<!-- Generated by org.testng.reporters.JUnitReportReporter -->
<testsuite hostname="Nihar" failures="0" tests="1" name="opencart.tests.ProductComparisonFunctionalityTest" time="4.471" errors="0" timestamp="2023-11-18T18:49:41 IST" skipped="0">
  <testcase classname="opencart.tests.ProductComparisonFunctionalityTest" name="TC_PC_001" time="4.471"/>
  <system-out/>
</testsuite> <!-- opencart.tests.ProductComparisonFunctionalityTest -->
